<?xml version="1.0" encoding="UTF-8"?>
<testsuites name="TS - Checkout" time="89.064" tests="2" failures="1" errors="0">
   <testsuite name="TS - Checkout" tests="2" failures="1" errors="0" time="89.064" skipped="0" timestamp="2024-02-13 11:05:25" hostname="CIkal - Cikal" id="Test Suites/TS - Checkout">
      <properties>
         <property name="deviceName" value="emulator-5554 (Android SDK built for x86 - Android 11)"/>
         <property name="devicePlatform" value=""/>
         <property name="logFolder" value="C:\\Users\\CIkal\\git\\katalon-taskmobile-RajasaCikal\\Reports\\20240213_110521\\TS - Checkout\\20240213_110521"/>
         <property name="logFiles" value="C:\\Users\\CIkal\\git\\katalon-taskmobile-RajasaCikal\\Reports\\20240213_110521\\TS - Checkout\\20240213_110521\\appium.log, C:\\Users\\CIkal\\git\\katalon-taskmobile-RajasaCikal\\Reports\\20240213_110521\\TS - Checkout\\20240213_110521\\execution0.log"/>
         <property name="attachments" value="C:\\Users\\CIkal\\git\\katalon-taskmobile-RajasaCikal\\Reports\\20240213_110521\\TS - Checkout\\20240213_110521\\1707797212395.png"/>
         <property name="hostName" value="CIkal - Cikal"/>
         <property name="os" value="Windows 11 64bit"/>
         <property name="appiumServerStatus" value="{&quot;value&quot;:{&quot;build&quot;:{&quot;version&quot;:&quot;1.22.3&quot;}},&quot;sessionId&quot;:null,&quot;status&quot;:0}"/>
         <property name="katalonVersion" value="9.0.0.212"/>
         <property name="deviceOS" value="Android"/>
         <property name="appiumVersion" value="1.22.3"/>
         <property name="deviceModel" value="Android SDK built for x86"/>
         <property name="hostAddress" value="172.16.213.167"/>
         <property name="deviceManufacturer" value="unknown"/>
         <property name="deviceId" value="emulator-5554"/>
         <property name="deviceName" value="emulator-5554 (Android SDK built for x86 - Android 11)"/>
         <property name="deviceOSVersion" value="11"/>
      </properties>
      <testcase name="Test Cases/Checkout/TC - Checkout from Category" time="48.084" classname="Test Cases/Checkout/TC - Checkout from Category" status="PASSED">
         <system-out><![CDATA[2024-02-13 11:05:25 - [TEST_CASE][PASSED] - Test Cases/Checkout/TC - Checkout from Category: Test Cases/Checkout/TC - Checkout from Category

2024-02-13 11:05:25 - [TEST_STEP][PASSED] - startApplication("D:\BFLP\Bootcamp\Materi\Solodroid_E-CommerceApp Demo_3.2.0.apk", true): Started app at: 'D:\BFLP\Bootcamp\Materi\Solodroid_E-CommerceApp Demo_3.2.0.apk'

2024-02-13 11:05:26 - [MESSAGE][INFO] - Detected NodeJS location: "C:\Program Files\nodejs\node.exe"

2024-02-13 11:05:27 - [MESSAGE][INFO] - Appium server started on port 59,926

2024-02-13 11:05:40 - [MESSAGE][PASSED] - Started app at: 'D:\BFLP\Bootcamp\Materi\Solodroid_E-CommerceApp Demo_3.2.0.apk'

2024-02-13 11:05:40 - [TEST_STEP][PASSED] - tap(findTestObject("Object Repository/android.widget.ImageView (1)"), 10): Tapped on element 'Object Repository/android.widget.ImageView (1)'

2024-02-13 11:05:50 - [MESSAGE][PASSED] - Tapped on element 'Object Repository/android.widget.ImageView (1)'

2024-02-13 11:05:50 - [TEST_STEP][PASSED] - tap(findTestObject("Object Repository/android.widget.RelativeLayout"), 10): Tapped on element 'Object Repository/android.widget.RelativeLayout'

2024-02-13 11:05:51 - [MESSAGE][PASSED] - Tapped on element 'Object Repository/android.widget.RelativeLayout'

2024-02-13 11:05:51 - [TEST_STEP][PASSED] - tap(findTestObject("Object Repository/android.widget.ImageView (2)"), 10): Tapped on element 'Object Repository/android.widget.ImageView (2)'

2024-02-13 11:05:53 - [MESSAGE][PASSED] - Tapped on element 'Object Repository/android.widget.ImageView (2)'

2024-02-13 11:05:53 - [TEST_STEP][PASSED] - tap(findTestObject("Object Repository/android.widget.Button - ADD TO CART (1)"), 10): Tapped on element 'Object Repository/android.widget.Button - ADD TO CART (1)'

2024-02-13 11:05:56 - [MESSAGE][PASSED] - Tapped on element 'Object Repository/android.widget.Button - ADD TO CART (1)'

2024-02-13 11:05:56 - [TEST_STEP][PASSED] - setText(findTestObject("Object Repository/android.widget.EditText (1)"), "1", 10): Text '1' has been set to element 'Object Repository/android.widget.EditText (1)'

2024-02-13 11:05:58 - [MESSAGE][PASSED] - Text '1' has been set to element 'Object Repository/android.widget.EditText (1)'

2024-02-13 11:05:58 - [TEST_STEP][PASSED] - tap(findTestObject("Object Repository/android.widget.Button - ADD (1)"), 10): Tapped on element 'Object Repository/android.widget.Button - ADD (1)'

2024-02-13 11:05:58 - [MESSAGE][PASSED] - Tapped on element 'Object Repository/android.widget.Button - ADD (1)'

2024-02-13 11:05:58 - [TEST_STEP][PASSED] - tap(findTestObject("Object Repository/android.widget.TextView (1)"), 10): Tapped on element 'Object Repository/android.widget.TextView (1)'

2024-02-13 11:05:59 - [MESSAGE][PASSED] - Tapped on element 'Object Repository/android.widget.TextView (1)'

2024-02-13 11:05:59 - [TEST_STEP][PASSED] - tap(findTestObject("Object Repository/android.widget.Button - CHECKOUT (1)"), 10): Tapped on element 'Object Repository/android.widget.Button - CHECKOUT (1)'

2024-02-13 11:06:01 - [MESSAGE][PASSED] - Tapped on element 'Object Repository/android.widget.Button - CHECKOUT (1)'

2024-02-13 11:06:01 - [TEST_STEP][PASSED] - setText(findTestObject("Object Repository/android.widget.EditText - Your Address (1)"), "Address", 10): Text 'Address' has been set to element 'Object Repository/android.widget.EditText - Your Address (1)'

2024-02-13 11:06:03 - [MESSAGE][PASSED] - Text 'Address' has been set to element 'Object Repository/android.widget.EditText - Your Address (1)'

2024-02-13 11:06:03 - [TEST_STEP][PASSED] - tap(findTestObject("Object Repository/android.widget.Button - PROCESS CHECKOUT (1)"), 10): Tapped on element 'Object Repository/android.widget.Button - PROCESS CHECKOUT (1)'

2024-02-13 11:06:04 - [MESSAGE][PASSED] - Tapped on element 'Object Repository/android.widget.Button - PROCESS CHECKOUT (1)'

2024-02-13 11:06:04 - [TEST_STEP][PASSED] - tap(findTestObject("Object Repository/android.widget.Button - YES (1)"), 10): Tapped on element 'Object Repository/android.widget.Button - YES (1)'

2024-02-13 11:06:05 - [MESSAGE][PASSED] - Tapped on element 'Object Repository/android.widget.Button - YES (1)'

2024-02-13 11:06:05 - [TEST_STEP][PASSED] - tap(findTestObject("Object Repository/android.widget.Button - OK (1)"), 10): Tapped on element 'Object Repository/android.widget.Button - OK (1)'

2024-02-13 11:06:12 - [MESSAGE][PASSED] - Tapped on element 'Object Repository/android.widget.Button - OK (1)'

2024-02-13 11:06:12 - [TEST_STEP][PASSED] - closeApplication(): Close app successfully

2024-02-13 11:06:13 - [MESSAGE][PASSED] - Close app successfully]]></system-out>
         <system-err><![CDATA[]]></system-err>
      </testcase>
      <testcase name="Test Cases/Checkout/TC - Search and Checkout" time="40.798" classname="Test Cases/Checkout/TC - Search and Checkout" status="FAILED">
         <failure type="FAILED" message="Test Cases/Checkout/TC - Search and Checkout FAILED.&#xa;Reason:&#xa;com.kms.katalon.core.exception.StepFailedException: Object Object Repository/android.widget.Button - OK not found&#xa;	at com.kms.katalon.core.keyword.internal.KeywordMain.stepFailed(KeywordMain.groovy:51)&#xa;	at com.kms.katalon.core.mobile.keyword.internal.MobileKeywordMain.stepFailed(MobileKeywordMain.groovy:40)&#xa;	at com.kms.katalon.core.mobile.keyword.builtin.TapKeyword$_tap_closure1.doCall(TapKeyword.groovy:79)&#xa;	at com.kms.katalon.core.mobile.keyword.builtin.TapKeyword$_tap_closure1.call(TapKeyword.groovy)&#xa;	at com.kms.katalon.core.mobile.keyword.internal.MobileKeywordMain.runKeyword(MobileKeywordMain.groovy:21)&#xa;	at com.kms.katalon.core.mobile.keyword.builtin.TapKeyword.tap(TapKeyword.groovy:84)&#xa;	at com.kms.katalon.core.mobile.keyword.builtin.TapKeyword.execute(TapKeyword.groovy:68)&#xa;	at com.kms.katalon.core.keyword.internal.KeywordExecutor.executeKeywordForPlatform(KeywordExecutor.groovy:74)&#xa;	at com.kms.katalon.core.mobile.keyword.MobileBuiltInKeywords.tap(MobileBuiltInKeywords.groovy:1490)&#xa;	at TC - Search and Checkout.run(TC - Search and Checkout:40)&#xa;	at com.kms.katalon.core.main.ScriptEngine.run(ScriptEngine.java:194)&#xa;	at com.kms.katalon.core.main.ScriptEngine.runScriptAsRawText(ScriptEngine.java:119)&#xa;	at com.kms.katalon.core.main.TestCaseExecutor.runScript(TestCaseExecutor.java:448)&#xa;	at com.kms.katalon.core.main.TestCaseExecutor.doExecute(TestCaseExecutor.java:439)&#xa;	at com.kms.katalon.core.main.TestCaseExecutor.processExecutionPhase(TestCaseExecutor.java:418)&#xa;	at com.kms.katalon.core.main.TestCaseExecutor.accessMainPhase(TestCaseExecutor.java:410)&#xa;	at com.kms.katalon.core.main.TestCaseExecutor.execute(TestCaseExecutor.java:285)&#xa;	at com.kms.katalon.core.common.CommonExecutor.accessTestCaseMainPhase(CommonExecutor.java:65)&#xa;	at com.kms.katalon.core.main.TestSuiteExecutor.accessTestSuiteMainPhase(TestSuiteExecutor.java:148)&#xa;	at com.kms.katalon.core.main.TestSuiteExecutor.execute(TestSuiteExecutor.java:106)&#xa;	at com.kms.katalon.core.main.TestCaseMain.startTestSuite(TestCaseMain.java:187)&#xa;	at TempTestSuite1707797121790.run(TempTestSuite1707797121790.groovy:36)&#xa;	at java.base/jdk.internal.reflect.NativeMethodAccessorImpl.invoke0(Native Method)&#xa;	at java.base/jdk.internal.reflect.NativeMethodAccessorImpl.invoke(NativeMethodAccessorImpl.java:77)&#xa;	at java.base/jdk.internal.reflect.DelegatingMethodAccessorImpl.invoke(DelegatingMethodAccessorImpl.java:43)&#xa;"/>
         <system-out><![CDATA[2024-02-13 11:06:13 - [TEST_CASE][FAILED] - Test Cases/Checkout/TC - Search and Checkout: Test Cases/Checkout/TC - Search and Checkout FAILED.
Reason:
com.kms.katalon.core.exception.StepFailedException: Object Object Repository/android.widget.Button - OK not found
	at com.kms.katalon.core.keyword.internal.KeywordMain.stepFailed(KeywordMain.groovy:51)
	at com.kms.katalon.core.mobile.keyword.internal.MobileKeywordMain.stepFailed(MobileKeywordMain.groovy:40)
	at com.kms.katalon.core.mobile.keyword.builtin.TapKeyword$_tap_closure1.doCall(TapKeyword.groovy:79)
	at com.kms.katalon.core.mobile.keyword.builtin.TapKeyword$_tap_closure1.call(TapKeyword.groovy)
	at com.kms.katalon.core.mobile.keyword.internal.MobileKeywordMain.runKeyword(MobileKeywordMain.groovy:21)
	at com.kms.katalon.core.mobile.keyword.builtin.TapKeyword.tap(TapKeyword.groovy:84)
	at com.kms.katalon.core.mobile.keyword.builtin.TapKeyword.execute(TapKeyword.groovy:68)
	at com.kms.katalon.core.keyword.internal.KeywordExecutor.executeKeywordForPlatform(KeywordExecutor.groovy:74)
	at com.kms.katalon.core.mobile.keyword.MobileBuiltInKeywords.tap(MobileBuiltInKeywords.groovy:1490)
	at TC - Search and Checkout.run(TC - Search and Checkout:40)
	at com.kms.katalon.core.main.ScriptEngine.run(ScriptEngine.java:194)
	at com.kms.katalon.core.main.ScriptEngine.runScriptAsRawText(ScriptEngine.java:119)
	at com.kms.katalon.core.main.TestCaseExecutor.runScript(TestCaseExecutor.java:448)
	at com.kms.katalon.core.main.TestCaseExecutor.doExecute(TestCaseExecutor.java:439)
	at com.kms.katalon.core.main.TestCaseExecutor.processExecutionPhase(TestCaseExecutor.java:418)
	at com.kms.katalon.core.main.TestCaseExecutor.accessMainPhase(TestCaseExecutor.java:410)
	at com.kms.katalon.core.main.TestCaseExecutor.execute(TestCaseExecutor.java:285)
	at com.kms.katalon.core.common.CommonExecutor.accessTestCaseMainPhase(CommonExecutor.java:65)
	at com.kms.katalon.core.main.TestSuiteExecutor.accessTestSuiteMainPhase(TestSuiteExecutor.java:148)
	at com.kms.katalon.core.main.TestSuiteExecutor.execute(TestSuiteExecutor.java:106)
	at com.kms.katalon.core.main.TestCaseMain.startTestSuite(TestCaseMain.java:187)
	at TempTestSuite1707797121790.run(TempTestSuite1707797121790.groovy:36)
	at java.base/jdk.internal.reflect.NativeMethodAccessorImpl.invoke0(Native Method)
	at java.base/jdk.internal.reflect.NativeMethodAccessorImpl.invoke(NativeMethodAccessorImpl.java:77)
	at java.base/jdk.internal.reflect.DelegatingMethodAccessorImpl.invoke(DelegatingMethodAccessorImpl.java:43)


2024-02-13 11:06:13 - [TEST_STEP][PASSED] - startApplication("D:\BFLP\Bootcamp\Materi\Solodroid_E-CommerceApp Demo_3.2.0.apk", true): Started app at: 'D:\BFLP\Bootcamp\Materi\Solodroid_E-CommerceApp Demo_3.2.0.apk'

2024-02-13 11:06:13 - [MESSAGE][INFO] - Detected NodeJS location: "C:\Program Files\nodejs\node.exe"

2024-02-13 11:06:14 - [MESSAGE][INFO] - Appium server started on port 60,155

2024-02-13 11:06:26 - [MESSAGE][PASSED] - Started app at: 'D:\BFLP\Bootcamp\Materi\Solodroid_E-CommerceApp Demo_3.2.0.apk'

2024-02-13 11:06:26 - [TEST_STEP][PASSED] - tap(findTestObject("Object Repository/android.widget.ImageView"), 10): Tapped on element 'Object Repository/android.widget.ImageView'

2024-02-13 11:06:29 - [MESSAGE][PASSED] - Tapped on element 'Object Repository/android.widget.ImageView'

2024-02-13 11:06:29 - [TEST_STEP][PASSED] - tap(findTestObject("Object Repository/android.widget.Button - ADD TO CART"), 10): Tapped on element 'Object Repository/android.widget.Button - ADD TO CART'

2024-02-13 11:06:32 - [MESSAGE][PASSED] - Tapped on element 'Object Repository/android.widget.Button - ADD TO CART'

2024-02-13 11:06:32 - [TEST_STEP][PASSED] - setText(findTestObject("Object Repository/android.widget.EditText"), "1", 10): Text '1' has been set to element 'Object Repository/android.widget.EditText'

2024-02-13 11:06:34 - [MESSAGE][PASSED] - Text '1' has been set to element 'Object Repository/android.widget.EditText'

2024-02-13 11:06:34 - [TEST_STEP][PASSED] - tap(findTestObject("Object Repository/android.widget.Button - ADD"), 10): Tapped on element 'Object Repository/android.widget.Button - ADD'

2024-02-13 11:06:35 - [MESSAGE][PASSED] - Tapped on element 'Object Repository/android.widget.Button - ADD'

2024-02-13 11:06:35 - [TEST_STEP][PASSED] - tap(findTestObject("Object Repository/android.widget.TextView"), 10): Tapped on element 'Object Repository/android.widget.TextView'

2024-02-13 11:06:36 - [MESSAGE][PASSED] - Tapped on element 'Object Repository/android.widget.TextView'

2024-02-13 11:06:36 - [TEST_STEP][PASSED] - tap(findTestObject("Object Repository/android.widget.Button - CHECKOUT"), 10): Tapped on element 'Object Repository/android.widget.Button - CHECKOUT'

2024-02-13 11:06:37 - [MESSAGE][PASSED] - Tapped on element 'Object Repository/android.widget.Button - CHECKOUT'

2024-02-13 11:06:37 - [TEST_STEP][PASSED] - setText(findTestObject("Object Repository/android.widget.EditText - Your Address"), "Address", 10): Text 'Address' has been set to element 'Object Repository/android.widget.EditText - Your Address'

2024-02-13 11:06:40 - [MESSAGE][PASSED] - Text 'Address' has been set to element 'Object Repository/android.widget.EditText - Your Address'

2024-02-13 11:06:40 - [TEST_STEP][PASSED] - tap(findTestObject("Object Repository/android.widget.Button - PROCESS CHECKOUT"), 10): Tapped on element 'Object Repository/android.widget.Button - PROCESS CHECKOUT'

2024-02-13 11:06:41 - [MESSAGE][PASSED] - Tapped on element 'Object Repository/android.widget.Button - PROCESS CHECKOUT'

2024-02-13 11:06:41 - [TEST_STEP][PASSED] - tap(findTestObject("Object Repository/android.widget.Button - YES"), 10): Tapped on element 'Object Repository/android.widget.Button - YES'

2024-02-13 11:06:42 - [MESSAGE][PASSED] - Tapped on element 'Object Repository/android.widget.Button - YES'

2024-02-13 11:06:42 - [TEST_STEP][FAILED] - tap(findTestObject("Object Repository/android.widget.Button - OK"), 10): Failed to tap on element 'Object Repository/android.widget.Button - OK' (Root cause: com.kms.katalon.core.exception.StepFailedException: Object Object Repository/android.widget.Button - OK not found
	at com.kms.katalon.core.keyword.internal.KeywordMain.stepFailed(KeywordMain.groovy:51)
	at com.kms.katalon.core.mobile.keyword.internal.MobileKeywordMain.stepFailed(MobileKeywordMain.groovy:40)
	at com.kms.katalon.core.mobile.keyword.builtin.TapKeyword$_tap_closure1.doCall(TapKeyword.groovy:79)
	at com.kms.katalon.core.mobile.keyword.builtin.TapKeyword$_tap_closure1.call(TapKeyword.groovy)
	at com.kms.katalon.core.mobile.keyword.internal.MobileKeywordMain.runKeyword(MobileKeywordMain.groovy:21)
	at com.kms.katalon.core.mobile.keyword.builtin.TapKeyword.tap(TapKeyword.groovy:84)
	at com.kms.katalon.core.mobile.keyword.builtin.TapKeyword.execute(TapKeyword.groovy:68)
	at com.kms.katalon.core.keyword.internal.KeywordExecutor.executeKeywordForPlatform(KeywordExecutor.groovy:74)
	at com.kms.katalon.core.mobile.keyword.MobileBuiltInKeywords.tap(MobileBuiltInKeywords.groovy:1490)
	at TC - Search and Checkout.run(TC - Search and Checkout:40)
	at com.kms.katalon.core.main.ScriptEngine.run(ScriptEngine.java:194)
	at com.kms.katalon.core.main.ScriptEngine.runScriptAsRawText(ScriptEngine.java:119)
	at com.kms.katalon.core.main.TestCaseExecutor.runScript(TestCaseExecutor.java:448)
	at com.kms.katalon.core.main.TestCaseExecutor.doExecute(TestCaseExecutor.java:439)
	at com.kms.katalon.core.main.TestCaseExecutor.processExecutionPhase(TestCaseExecutor.java:418)
	at com.kms.katalon.core.main.TestCaseExecutor.accessMainPhase(TestCaseExecutor.java:410)
	at com.kms.katalon.core.main.TestCaseExecutor.execute(TestCaseExecutor.java:285)
	at com.kms.katalon.core.common.CommonExecutor.accessTestCaseMainPhase(CommonExecutor.java:65)
	at com.kms.katalon.core.main.TestSuiteExecutor.accessTestSuiteMainPhase(TestSuiteExecutor.java:148)
	at com.kms.katalon.core.main.TestSuiteExecutor.execute(TestSuiteExecutor.java:106)
	at com.kms.katalon.core.main.TestCaseMain.startTestSuite(TestCaseMain.java:187)
	at TempTestSuite1707797121790.run(TempTestSuite1707797121790.groovy:36)
	at java.base/jdk.internal.reflect.NativeMethodAccessorImpl.invoke0(Native Method)
	at java.base/jdk.internal.reflect.NativeMethodAccessorImpl.invoke(NativeMethodAccessorImpl.java:77)
	at java.base/jdk.internal.reflect.DelegatingMethodAccessorImpl.invoke(DelegatingMethodAccessorImpl.java:43)
)

2024-02-13 11:06:52 - [MESSAGE][FAILED] - Object Object Repository/android.widget.Button - OK not found

2024-02-13 11:06:54 - [MESSAGE][FAILED] - Failed to tap on element 'Object Repository/android.widget.Button - OK' (Root cause: com.kms.katalon.core.exception.StepFailedException: Object Object Repository/android.widget.Button - OK not found
	at com.kms.katalon.core.keyword.internal.KeywordMain.stepFailed(KeywordMain.groovy:51)
	at com.kms.katalon.core.mobile.keyword.internal.MobileKeywordMain.stepFailed(MobileKeywordMain.groovy:40)
	at com.kms.katalon.core.mobile.keyword.builtin.TapKeyword$_tap_closure1.doCall(TapKeyword.groovy:79)
	at com.kms.katalon.core.mobile.keyword.builtin.TapKeyword$_tap_closure1.call(TapKeyword.groovy)
	at com.kms.katalon.core.mobile.keyword.internal.MobileKeywordMain.runKeyword(MobileKeywordMain.groovy:21)
	at com.kms.katalon.core.mobile.keyword.builtin.TapKeyword.tap(TapKeyword.groovy:84)
	at com.kms.katalon.core.mobile.keyword.builtin.TapKeyword.execute(TapKeyword.groovy:68)
	at com.kms.katalon.core.keyword.internal.KeywordExecutor.executeKeywordForPlatform(KeywordExecutor.groovy:74)
	at com.kms.katalon.core.mobile.keyword.MobileBuiltInKeywords.tap(MobileBuiltInKeywords.groovy:1490)
	at TC - Search and Checkout.run(TC - Search and Checkout:40)
	at com.kms.katalon.core.main.ScriptEngine.run(ScriptEngine.java:194)
	at com.kms.katalon.core.main.ScriptEngine.runScriptAsRawText(ScriptEngine.java:119)
	at com.kms.katalon.core.main.TestCaseExecutor.runScript(TestCaseExecutor.java:448)
	at com.kms.katalon.core.main.TestCaseExecutor.doExecute(TestCaseExecutor.java:439)
	at com.kms.katalon.core.main.TestCaseExecutor.processExecutionPhase(TestCaseExecutor.java:418)
	at com.kms.katalon.core.main.TestCaseExecutor.accessMainPhase(TestCaseExecutor.java:410)
	at com.kms.katalon.core.main.TestCaseExecutor.execute(TestCaseExecutor.java:285)
	at com.kms.katalon.core.common.CommonExecutor.accessTestCaseMainPhase(CommonExecutor.java:65)
	at com.kms.katalon.core.main.TestSuiteExecutor.accessTestSuiteMainPhase(TestSuiteExecutor.java:148)
	at com.kms.katalon.core.main.TestSuiteExecutor.execute(TestSuiteExecutor.java:106)
	at com.kms.katalon.core.main.TestCaseMain.startTestSuite(TestCaseMain.java:187)
	at TempTestSuite1707797121790.run(TempTestSuite1707797121790.groovy:36)
	at java.base/jdk.internal.reflect.NativeMethodAccessorImpl.invoke0(Native Method)
	at java.base/jdk.internal.reflect.NativeMethodAccessorImpl.invoke(NativeMethodAccessorImpl.java:77)
	at java.base/jdk.internal.reflect.DelegatingMethodAccessorImpl.invoke(DelegatingMethodAccessorImpl.java:43)
)
[[ATTACHMENT|C:\\Users\\CIkal\\git\\katalon-taskmobile-RajasaCikal\\Reports\\20240213_110521\\TS - Checkout\\20240213_110521\\1707797212395.png]]]]></system-out>
         <system-err><![CDATA[2024-02-13 11:06:13 - [TEST_CASE][FAILED] - Test Cases/Checkout/TC - Search and Checkout: Test Cases/Checkout/TC - Search and Checkout FAILED.
Reason:
com.kms.katalon.core.exception.StepFailedException: Object Object Repository/android.widget.Button - OK not found
	at com.kms.katalon.core.keyword.internal.KeywordMain.stepFailed(KeywordMain.groovy:51)
	at com.kms.katalon.core.mobile.keyword.internal.MobileKeywordMain.stepFailed(MobileKeywordMain.groovy:40)
	at com.kms.katalon.core.mobile.keyword.builtin.TapKeyword$_tap_closure1.doCall(TapKeyword.groovy:79)
	at com.kms.katalon.core.mobile.keyword.builtin.TapKeyword$_tap_closure1.call(TapKeyword.groovy)
	at com.kms.katalon.core.mobile.keyword.internal.MobileKeywordMain.runKeyword(MobileKeywordMain.groovy:21)
	at com.kms.katalon.core.mobile.keyword.builtin.TapKeyword.tap(TapKeyword.groovy:84)
	at com.kms.katalon.core.mobile.keyword.builtin.TapKeyword.execute(TapKeyword.groovy:68)
	at com.kms.katalon.core.keyword.internal.KeywordExecutor.executeKeywordForPlatform(KeywordExecutor.groovy:74)
	at com.kms.katalon.core.mobile.keyword.MobileBuiltInKeywords.tap(MobileBuiltInKeywords.groovy:1490)
	at TC - Search and Checkout.run(TC - Search and Checkout:40)
	at com.kms.katalon.core.main.ScriptEngine.run(ScriptEngine.java:194)
	at com.kms.katalon.core.main.ScriptEngine.runScriptAsRawText(ScriptEngine.java:119)
	at com.kms.katalon.core.main.TestCaseExecutor.runScript(TestCaseExecutor.java:448)
	at com.kms.katalon.core.main.TestCaseExecutor.doExecute(TestCaseExecutor.java:439)
	at com.kms.katalon.core.main.TestCaseExecutor.processExecutionPhase(TestCaseExecutor.java:418)
	at com.kms.katalon.core.main.TestCaseExecutor.accessMainPhase(TestCaseExecutor.java:410)
	at com.kms.katalon.core.main.TestCaseExecutor.execute(TestCaseExecutor.java:285)
	at com.kms.katalon.core.common.CommonExecutor.accessTestCaseMainPhase(CommonExecutor.java:65)
	at com.kms.katalon.core.main.TestSuiteExecutor.accessTestSuiteMainPhase(TestSuiteExecutor.java:148)
	at com.kms.katalon.core.main.TestSuiteExecutor.execute(TestSuiteExecutor.java:106)
	at com.kms.katalon.core.main.TestCaseMain.startTestSuite(TestCaseMain.java:187)
	at TempTestSuite1707797121790.run(TempTestSuite1707797121790.groovy:36)
	at java.base/jdk.internal.reflect.NativeMethodAccessorImpl.invoke0(Native Method)
	at java.base/jdk.internal.reflect.NativeMethodAccessorImpl.invoke(NativeMethodAccessorImpl.java:77)
	at java.base/jdk.internal.reflect.DelegatingMethodAccessorImpl.invoke(DelegatingMethodAccessorImpl.java:43)]]></system-err>
      </testcase>
      <system-out><![CDATA[2024-02-13 11:05:25 - [TEST_SUITE][FAILED] - TS - Checkout: Test Cases/Checkout/TC - Search and Checkout FAILED.
Reason:
com.kms.katalon.core.exception.StepFailedException: Object Object Repository/android.widget.Button - OK not found
	at com.kms.katalon.core.keyword.internal.KeywordMain.stepFailed(KeywordMain.groovy:51)
	at com.kms.katalon.core.mobile.keyword.internal.MobileKeywordMain.stepFailed(MobileKeywordMain.groovy:40)
	at com.kms.katalon.core.mobile.keyword.builtin.TapKeyword$_tap_closure1.doCall(TapKeyword.groovy:79)
	at com.kms.katalon.core.mobile.keyword.builtin.TapKeyword$_tap_closure1.call(TapKeyword.groovy)
	at com.kms.katalon.core.mobile.keyword.internal.MobileKeywordMain.runKeyword(MobileKeywordMain.groovy:21)
	at com.kms.katalon.core.mobile.keyword.builtin.TapKeyword.tap(TapKeyword.groovy:84)
	at com.kms.katalon.core.mobile.keyword.builtin.TapKeyword.execute(TapKeyword.groovy:68)
	at com.kms.katalon.core.keyword.internal.KeywordExecutor.executeKeywordForPlatform(KeywordExecutor.groovy:74)
	at com.kms.katalon.core.mobile.keyword.MobileBuiltInKeywords.tap(MobileBuiltInKeywords.groovy:1490)
	at TC - Search and Checkout.run(TC - Search and Checkout:40)
	at com.kms.katalon.core.main.ScriptEngine.run(ScriptEngine.java:194)
	at com.kms.katalon.core.main.ScriptEngine.runScriptAsRawText(ScriptEngine.java:119)
	at com.kms.katalon.core.main.TestCaseExecutor.runScript(TestCaseExecutor.java:448)
	at com.kms.katalon.core.main.TestCaseExecutor.doExecute(TestCaseExecutor.java:439)
	at com.kms.katalon.core.main.TestCaseExecutor.processExecutionPhase(TestCaseExecutor.java:418)
	at com.kms.katalon.core.main.TestCaseExecutor.accessMainPhase(TestCaseExecutor.java:410)
	at com.kms.katalon.core.main.TestCaseExecutor.execute(TestCaseExecutor.java:285)
	at com.kms.katalon.core.common.CommonExecutor.accessTestCaseMainPhase(CommonExecutor.java:65)
	at com.kms.katalon.core.main.TestSuiteExecutor.accessTestSuiteMainPhase(TestSuiteExecutor.java:148)
	at com.kms.katalon.core.main.TestSuiteExecutor.execute(TestSuiteExecutor.java:106)
	at com.kms.katalon.core.main.TestCaseMain.startTestSuite(TestCaseMain.java:187)
	at TempTestSuite1707797121790.run(TempTestSuite1707797121790.groovy:36)
	at java.base/jdk.internal.reflect.NativeMethodAccessorImpl.invoke0(Native Method)
	at java.base/jdk.internal.reflect.NativeMethodAccessorImpl.invoke(NativeMethodAccessorImpl.java:77)
	at java.base/jdk.internal.reflect.DelegatingMethodAccessorImpl.invoke(DelegatingMethodAccessorImpl.java:43)]]></system-out>
      <system-err><![CDATA[2024-02-13 11:05:25 - [TEST_SUITE][FAILED] - TS - Checkout: Test Cases/Checkout/TC - Search and Checkout FAILED.
Reason:
com.kms.katalon.core.exception.StepFailedException: Object Object Repository/android.widget.Button - OK not found
	at com.kms.katalon.core.keyword.internal.KeywordMain.stepFailed(KeywordMain.groovy:51)
	at com.kms.katalon.core.mobile.keyword.internal.MobileKeywordMain.stepFailed(MobileKeywordMain.groovy:40)
	at com.kms.katalon.core.mobile.keyword.builtin.TapKeyword$_tap_closure1.doCall(TapKeyword.groovy:79)
	at com.kms.katalon.core.mobile.keyword.builtin.TapKeyword$_tap_closure1.call(TapKeyword.groovy)
	at com.kms.katalon.core.mobile.keyword.internal.MobileKeywordMain.runKeyword(MobileKeywordMain.groovy:21)
	at com.kms.katalon.core.mobile.keyword.builtin.TapKeyword.tap(TapKeyword.groovy:84)
	at com.kms.katalon.core.mobile.keyword.builtin.TapKeyword.execute(TapKeyword.groovy:68)
	at com.kms.katalon.core.keyword.internal.KeywordExecutor.executeKeywordForPlatform(KeywordExecutor.groovy:74)
	at com.kms.katalon.core.mobile.keyword.MobileBuiltInKeywords.tap(MobileBuiltInKeywords.groovy:1490)
	at TC - Search and Checkout.run(TC - Search and Checkout:40)
	at com.kms.katalon.core.main.ScriptEngine.run(ScriptEngine.java:194)
	at com.kms.katalon.core.main.ScriptEngine.runScriptAsRawText(ScriptEngine.java:119)
	at com.kms.katalon.core.main.TestCaseExecutor.runScript(TestCaseExecutor.java:448)
	at com.kms.katalon.core.main.TestCaseExecutor.doExecute(TestCaseExecutor.java:439)
	at com.kms.katalon.core.main.TestCaseExecutor.processExecutionPhase(TestCaseExecutor.java:418)
	at com.kms.katalon.core.main.TestCaseExecutor.accessMainPhase(TestCaseExecutor.java:410)
	at com.kms.katalon.core.main.TestCaseExecutor.execute(TestCaseExecutor.java:285)
	at com.kms.katalon.core.common.CommonExecutor.accessTestCaseMainPhase(CommonExecutor.java:65)
	at com.kms.katalon.core.main.TestSuiteExecutor.accessTestSuiteMainPhase(TestSuiteExecutor.java:148)
	at com.kms.katalon.core.main.TestSuiteExecutor.execute(TestSuiteExecutor.java:106)
	at com.kms.katalon.core.main.TestCaseMain.startTestSuite(TestCaseMain.java:187)
	at TempTestSuite1707797121790.run(TempTestSuite1707797121790.groovy:36)
	at java.base/jdk.internal.reflect.NativeMethodAccessorImpl.invoke0(Native Method)
	at java.base/jdk.internal.reflect.NativeMethodAccessorImpl.invoke(NativeMethodAccessorImpl.java:77)
	at java.base/jdk.internal.reflect.DelegatingMethodAccessorImpl.invoke(DelegatingMethodAccessorImpl.java:43)]]></system-err>
   </testsuite>
</testsuites>
